mode: set
github.com/ssm/k8s.go:11.40,13.16 2 1
github.com/ssm/k8s.go:16.2,16.20 1 0
github.com/ssm/k8s.go:13.16,15.3 1 1
github.com/ssm/k8s.go:19.44,21.49 2 1
github.com/ssm/k8s.go:25.2,25.105 1 1
github.com/ssm/k8s.go:34.2,34.16 1 0
github.com/ssm/k8s.go:21.49,23.3 1 1
github.com/ssm/k8s.go:25.105,26.53 1 0
github.com/ssm/k8s.go:26.53,29.4 2 0
github.com/ssm/k8s.go:30.8,33.3 2 1
github.com/ssm/main.go:11.13,13.16 2 0
github.com/ssm/main.go:17.2,18.16 2 0
github.com/ssm/main.go:22.2,23.16 2 0
github.com/ssm/main.go:27.2,28.16 2 0
github.com/ssm/main.go:31.2,32.16 2 0
github.com/ssm/main.go:35.2,40.16 5 0
github.com/ssm/main.go:13.16,15.3 1 0
github.com/ssm/main.go:18.16,20.3 1 0
github.com/ssm/main.go:23.16,25.3 1 0
github.com/ssm/main.go:28.16,30.3 1 0
github.com/ssm/main.go:32.16,34.3 1 0
github.com/ssm/main.go:40.16,42.3 1 0
github.com/ssm/main.go:45.69,46.20 1 1
github.com/ssm/main.go:47.13,49.52 2 1
github.com/ssm/main.go:51.14,54.21 3 1
github.com/ssm/main.go:59.3,59.24 1 1
github.com/ssm/main.go:54.21,56.4 1 1
github.com/ssm/main.go:56.9,58.4 1 1
github.com/ssm/mutate.go:14.130,22.16 6 1
github.com/ssm/mutate.go:42.2,43.16 2 1
github.com/ssm/mutate.go:47.2,53.8 2 1
github.com/ssm/mutate.go:22.16,24.3 1 1
github.com/ssm/mutate.go:24.8,24.78 1 1
github.com/ssm/mutate.go:24.78,33.17 3 1
github.com/ssm/mutate.go:33.17,35.4 1 0
github.com/ssm/mutate.go:35.9,37.4 1 1
github.com/ssm/mutate.go:38.8,38.76 1 0
github.com/ssm/mutate.go:38.76,40.3 1 0
github.com/ssm/mutate.go:43.16,45.3 1 0
github.com/ssm/mutate.go:56.115,57.36 1 1
github.com/ssm/mutate.go:75.2,76.34 2 1
github.com/ssm/mutate.go:58.20,61.35 3 1
github.com/ssm/mutate.go:62.19,65.35 3 1
github.com/ssm/mutate.go:66.21,69.35 3 1
github.com/ssm/mutate.go:70.13,73.35 3 1
github.com/ssm/webhook.go:38.58,40.9 2 1
github.com/ssm/webhook.go:44.2,45.9 2 1
github.com/ssm/webhook.go:49.2,50.9 2 1
github.com/ssm/webhook.go:54.2,55.16 2 1
github.com/ssm/webhook.go:59.2,61.9 3 1
github.com/ssm/webhook.go:70.2,78.8 2 1
github.com/ssm/webhook.go:40.9,42.3 1 1
github.com/ssm/webhook.go:45.9,47.3 1 1
github.com/ssm/webhook.go:50.9,52.3 1 1
github.com/ssm/webhook.go:55.16,57.3 1 1
github.com/ssm/webhook.go:61.9,63.3 1 1
github.com/ssm/webhook.go:63.8,65.17 2 1
github.com/ssm/webhook.go:65.17,67.4 1 1
github.com/ssm/webhook.go:81.37,83.2 1 1
github.com/ssm/webhook.go:85.41,87.2 1 1
github.com/ssm/webhook.go:89.50,91.2 1 1
github.com/ssm/webhook.go:93.73,103.2 1 1
github.com/ssm/webhook.go:105.56,119.2 1 1
github.com/ssm/webhook.go:121.78,123.16 2 1
github.com/ssm/webhook.go:126.2,126.23 1 1
github.com/ssm/webhook.go:123.16,125.3 1 1
github.com/ssm/webhook.go:129.86,131.16 2 1
github.com/ssm/webhook.go:134.2,134.23 1 1
github.com/ssm/webhook.go:131.16,133.3 1 1
github.com/ssm/webhook_certificate.go:23.64,30.16 3 1
github.com/ssm/webhook_certificate.go:34.2,53.16 5 1
github.com/ssm/webhook_certificate.go:57.2,57.41 1 1
github.com/ssm/webhook_certificate.go:30.16,32.3 1 0
github.com/ssm/webhook_certificate.go:53.16,55.3 1 0
github.com/ssm/webhook_certificate.go:60.101,64.16 3 1
github.com/ssm/webhook_certificate.go:68.2,79.16 6 1
github.com/ssm/webhook_certificate.go:82.2,82.12 1 1
github.com/ssm/webhook_certificate.go:64.16,66.3 1 1
github.com/ssm/webhook_certificate.go:79.16,81.3 1 0
github.com/ssm/webhook_certificate.go:85.71,87.16 2 1
github.com/ssm/webhook_certificate.go:91.2,95.16 4 1
github.com/ssm/webhook_certificate.go:98.2,99.16 2 1
github.com/ssm/webhook_certificate.go:103.2,103.26 1 1
github.com/ssm/webhook_certificate.go:87.16,89.3 1 0
github.com/ssm/webhook_certificate.go:95.16,97.3 1 0
github.com/ssm/webhook_certificate.go:99.16,101.3 1 0
github.com/ssm/cert_manager.go:36.167,37.47 1 1
github.com/ssm/cert_manager.go:42.2,45.16 3 1
github.com/ssm/cert_manager.go:49.2,51.16 3 1
github.com/ssm/cert_manager.go:56.2,57.20 2 1
github.com/ssm/cert_manager.go:62.2,64.24 3 1
github.com/ssm/cert_manager.go:67.2,110.8 3 1
github.com/ssm/cert_manager.go:37.47,40.3 2 1
github.com/ssm/cert_manager.go:45.16,47.3 1 1
github.com/ssm/cert_manager.go:51.16,53.3 1 1
github.com/ssm/cert_manager.go:57.20,59.3 1 1
github.com/ssm/cert_manager.go:64.24,66.3 1 1
github.com/ssm/cert_manager.go:113.77,121.16 3 1
github.com/ssm/cert_manager.go:125.2,125.42 1 1
github.com/ssm/cert_manager.go:135.2,137.12 2 1
github.com/ssm/cert_manager.go:121.16,123.3 1 0
github.com/ssm/cert_manager.go:125.42,126.39 1 1
github.com/ssm/cert_manager.go:126.39,130.18 3 1
github.com/ssm/cert_manager.go:130.18,132.5 1 0
github.com/ssm/cert_manager.go:140.75,144.16 3 1
github.com/ssm/cert_manager.go:150.2,155.49 2 1
github.com/ssm/cert_manager.go:169.2,174.56 2 1
github.com/ssm/cert_manager.go:188.2,199.67 3 1
github.com/ssm/cert_manager.go:207.2,211.14 1 1
github.com/ssm/cert_manager.go:144.16,147.3 2 0
github.com/ssm/cert_manager.go:155.49,157.64 2 1
github.com/ssm/cert_manager.go:163.3,163.30 1 1
github.com/ssm/cert_manager.go:157.64,158.43 1 1
github.com/ssm/cert_manager.go:158.43,161.5 2 1
github.com/ssm/cert_manager.go:163.30,165.4 1 1
github.com/ssm/cert_manager.go:174.56,176.69 2 1
github.com/ssm/cert_manager.go:182.3,182.28 1 1
github.com/ssm/cert_manager.go:176.69,177.61 1 1
github.com/ssm/cert_manager.go:177.61,180.5 2 1
github.com/ssm/cert_manager.go:182.28,184.4 1 1
github.com/ssm/cert_manager.go:199.67,200.57 1 1
github.com/ssm/cert_manager.go:200.57,204.4 3 1
github.com/ssm/cert_manager.go:214.110,216.72 2 1
github.com/ssm/cert_manager.go:219.2,219.12 1 1
github.com/ssm/cert_manager.go:216.72,218.3 1 1
