mode: set
github.com/ssm/main.go:11.13,13.16 2 0
github.com/ssm/main.go:16.2,17.16 2 0
github.com/ssm/main.go:20.2,23.16 3 0
github.com/ssm/main.go:27.2,28.16 2 0
github.com/ssm/main.go:31.2,32.16 2 0
github.com/ssm/main.go:35.2,40.16 5 0
github.com/ssm/main.go:13.16,15.3 1 0
github.com/ssm/main.go:17.16,19.3 1 0
github.com/ssm/main.go:23.16,25.3 1 0
github.com/ssm/main.go:28.16,30.3 1 0
github.com/ssm/main.go:32.16,34.3 1 0
github.com/ssm/main.go:40.16,42.3 1 0
github.com/ssm/main.go:45.69,46.20 1 1
github.com/ssm/main.go:47.13,49.52 2 1
github.com/ssm/main.go:51.14,54.21 3 1
github.com/ssm/main.go:59.3,59.24 1 1
github.com/ssm/main.go:54.21,56.4 1 1
github.com/ssm/main.go:56.9,58.4 1 1
github.com/ssm/mutate.go:13.130,21.16 6 1
github.com/ssm/mutate.go:41.2,42.16 2 1
github.com/ssm/mutate.go:46.2,52.8 2 1
github.com/ssm/mutate.go:21.16,23.3 1 1
github.com/ssm/mutate.go:23.8,23.78 1 1
github.com/ssm/mutate.go:23.78,32.17 3 1
github.com/ssm/mutate.go:32.17,34.4 1 0
github.com/ssm/mutate.go:34.9,36.6 1 1
github.com/ssm/mutate.go:37.8,37.76 1 0
github.com/ssm/mutate.go:37.76,39.3 1 0
github.com/ssm/mutate.go:42.16,44.3 1 0
github.com/ssm/mutate.go:55.115,56.36 1 1
github.com/ssm/mutate.go:70.2,71.34 2 1
github.com/ssm/mutate.go:57.20,60.35 3 1
github.com/ssm/mutate.go:61.19,64.35 3 1
github.com/ssm/mutate.go:65.21,68.35 3 1
github.com/ssm/webhook.go:28.105,37.2 2 1
github.com/ssm/webhook.go:39.37,41.2 1 1
github.com/ssm/webhook.go:43.38,45.2 1 1
github.com/ssm/webhook.go:47.73,57.2 1 1
github.com/ssm/webhook.go:59.56,73.2 1 1
github.com/ssm/webhook.go:75.78,77.16 2 1
github.com/ssm/webhook.go:80.2,80.23 1 1
github.com/ssm/webhook.go:77.16,79.3 1 1
github.com/ssm/webhook.go:83.86,85.16 2 1
github.com/ssm/webhook.go:88.2,88.23 1 1
github.com/ssm/webhook.go:85.16,87.3 1 1
github.com/ssm/webhook_certificate.go:23.64,30.16 3 1
github.com/ssm/webhook_certificate.go:34.2,53.16 5 1
github.com/ssm/webhook_certificate.go:57.2,57.41 1 1
github.com/ssm/webhook_certificate.go:30.16,32.3 1 0
github.com/ssm/webhook_certificate.go:53.16,55.3 1 0
github.com/ssm/webhook_certificate.go:60.101,64.16 3 1
github.com/ssm/webhook_certificate.go:68.2,79.16 6 1
github.com/ssm/webhook_certificate.go:82.2,82.12 1 1
github.com/ssm/webhook_certificate.go:64.16,66.3 1 1
github.com/ssm/webhook_certificate.go:79.16,81.3 1 0
github.com/ssm/webhook_certificate.go:85.71,87.16 2 1
github.com/ssm/webhook_certificate.go:91.2,95.16 4 1
github.com/ssm/webhook_certificate.go:98.2,99.16 2 1
github.com/ssm/webhook_certificate.go:103.2,103.26 1 1
github.com/ssm/webhook_certificate.go:87.16,89.3 1 0
github.com/ssm/webhook_certificate.go:95.16,97.3 1 0
github.com/ssm/webhook_certificate.go:99.16,101.3 1 0
github.com/ssm/cert_manager.go:31.167,32.47 1 1
github.com/ssm/cert_manager.go:37.2,40.16 3 1
github.com/ssm/cert_manager.go:45.2,46.20 2 1
github.com/ssm/cert_manager.go:49.2,50.16 2 1
github.com/ssm/cert_manager.go:55.2,57.24 3 1
github.com/ssm/cert_manager.go:60.2,103.8 3 1
github.com/ssm/cert_manager.go:32.47,35.3 2 1
github.com/ssm/cert_manager.go:40.16,42.3 1 1
github.com/ssm/cert_manager.go:46.20,48.3 1 1
github.com/ssm/cert_manager.go:50.16,52.3 1 1
github.com/ssm/cert_manager.go:57.24,59.3 1 1
github.com/ssm/cert_manager.go:106.77,114.16 3 1
github.com/ssm/cert_manager.go:118.2,118.42 1 1
github.com/ssm/cert_manager.go:128.2,130.12 2 1
github.com/ssm/cert_manager.go:114.16,116.3 1 0
github.com/ssm/cert_manager.go:118.42,119.39 1 1
github.com/ssm/cert_manager.go:119.39,123.18 3 1
github.com/ssm/cert_manager.go:123.18,125.5 1 0
github.com/ssm/cert_manager.go:133.75,137.16 3 1
github.com/ssm/cert_manager.go:143.2,148.49 2 1
github.com/ssm/cert_manager.go:162.2,167.56 2 1
github.com/ssm/cert_manager.go:181.2,192.67 3 1
github.com/ssm/cert_manager.go:200.2,204.14 1 1
github.com/ssm/cert_manager.go:137.16,140.3 2 0
github.com/ssm/cert_manager.go:148.49,150.64 2 1
github.com/ssm/cert_manager.go:156.3,156.30 1 1
github.com/ssm/cert_manager.go:150.64,151.43 1 1
github.com/ssm/cert_manager.go:151.43,154.5 2 1
github.com/ssm/cert_manager.go:156.30,158.4 1 1
github.com/ssm/cert_manager.go:167.56,169.69 2 1
github.com/ssm/cert_manager.go:175.3,175.28 1 1
github.com/ssm/cert_manager.go:169.69,170.61 1 1
github.com/ssm/cert_manager.go:170.61,173.5 2 1
github.com/ssm/cert_manager.go:175.28,177.4 1 1
github.com/ssm/cert_manager.go:192.67,193.57 1 1
github.com/ssm/cert_manager.go:193.57,197.4 3 1
github.com/ssm/cert_manager.go:207.110,209.72 2 1
github.com/ssm/cert_manager.go:212.2,212.12 1 1
github.com/ssm/cert_manager.go:209.72,211.3 1 1
github.com/ssm/k8s.go:11.40,13.16 2 1
github.com/ssm/k8s.go:16.2,16.20 1 0
github.com/ssm/k8s.go:13.16,15.3 1 1
github.com/ssm/k8s.go:19.44,21.49 2 1
github.com/ssm/k8s.go:25.2,25.105 1 1
github.com/ssm/k8s.go:34.2,34.16 1 0
github.com/ssm/k8s.go:21.49,23.3 1 1
github.com/ssm/k8s.go:25.105,26.53 1 0
github.com/ssm/k8s.go:26.53,29.4 2 0
github.com/ssm/k8s.go:30.8,33.3 2 1
